Performing C SOURCE FILE Test CMAKE_HAVE_LIBC_PTHREAD failed with the following output:
Change Dir: /mnt/c/Users/ricas/Documents/IST/5ºano/1sem/Cripto/Project/CSC/CMakeFiles/CMakeTmp

Run Build Command(s):/usr/bin/make cmTC_8db8c/fast && /usr/bin/make  -f CMakeFiles/cmTC_8db8c.dir/build.make CMakeFiles/cmTC_8db8c.dir/build
make[1]: Entering directory '/mnt/c/Users/ricas/Documents/IST/5ºano/1sem/Cripto/Project/CSC/CMakeFiles/CMakeTmp'
Building C object CMakeFiles/cmTC_8db8c.dir/src.c.o
/usr/bin/cc -DCMAKE_HAVE_LIBC_PTHREAD   -o CMakeFiles/cmTC_8db8c.dir/src.c.o -c /mnt/c/Users/ricas/Documents/IST/5ºano/1sem/Cripto/Project/CSC/CMakeFiles/CMakeTmp/src.c
Linking C executable cmTC_8db8c
/usr/bin/cmake -E cmake_link_script CMakeFiles/cmTC_8db8c.dir/link.txt --verbose=1
/usr/bin/cc CMakeFiles/cmTC_8db8c.dir/src.c.o -o cmTC_8db8c 
CMakeFiles/cmTC_8db8c.dir/src.c.o: In function `main':
src.c:(.text+0x3e): undefined reference to `pthread_create'
src.c:(.text+0x4a): undefined reference to `pthread_detach'
src.c:(.text+0x56): undefined reference to `pthread_cancel'
src.c:(.text+0x67): undefined reference to `pthread_join'
src.c:(.text+0x7b): undefined reference to `pthread_atfork'
collect2: error: ld returned 1 exit status
CMakeFiles/cmTC_8db8c.dir/build.make:105: recipe for target 'cmTC_8db8c' failed
make[1]: *** [cmTC_8db8c] Error 1
make[1]: Leaving directory '/mnt/c/Users/ricas/Documents/IST/5ºano/1sem/Cripto/Project/CSC/CMakeFiles/CMakeTmp'
Makefile:140: recipe for target 'cmTC_8db8c/fast' failed
make: *** [cmTC_8db8c/fast] Error 2


Source file was:
#include <pthread.h>

static void* test_func(void* data)
{
  return data;
}

int main(void)
{
  pthread_t thread;
  pthread_create(&thread, NULL, test_func, NULL);
  pthread_detach(thread);
  pthread_cancel(thread);
  pthread_join(thread, NULL);
  pthread_atfork(NULL, NULL, NULL);
  pthread_exit(NULL);

  return 0;
}

Performing C SOURCE FILE Test CMAKE_HAVE_LIBC_PTHREAD failed with the following output:
Change Dir: /mnt/c/Users/ricas/Documents/IST/5ºano/1sem/Cripto/Project/CSC/CMakeFiles/CMakeTmp

Run Build Command(s):/usr/bin/make cmTC_f1f4a/fast && /usr/bin/make  -f CMakeFiles/cmTC_f1f4a.dir/build.make CMakeFiles/cmTC_f1f4a.dir/build
make[1]: Entering directory '/mnt/c/Users/ricas/Documents/IST/5ºano/1sem/Cripto/Project/CSC/CMakeFiles/CMakeTmp'
Building C object CMakeFiles/cmTC_f1f4a.dir/src.c.o
/usr/bin/cc -DCMAKE_HAVE_LIBC_PTHREAD   -o CMakeFiles/cmTC_f1f4a.dir/src.c.o -c /mnt/c/Users/ricas/Documents/IST/5ºano/1sem/Cripto/Project/CSC/CMakeFiles/CMakeTmp/src.c
Linking C executable cmTC_f1f4a
/usr/bin/cmake -E cmake_link_script CMakeFiles/cmTC_f1f4a.dir/link.txt --verbose=1
/usr/bin/cc CMakeFiles/cmTC_f1f4a.dir/src.c.o -o cmTC_f1f4a 
CMakeFiles/cmTC_f1f4a.dir/src.c.o: In function `main':
src.c:(.text+0x3e): undefined reference to `pthread_create'
src.c:(.text+0x4a): undefined reference to `pthread_detach'
src.c:(.text+0x56): undefined reference to `pthread_cancel'
src.c:(.text+0x67): undefined reference to `pthread_join'
src.c:(.text+0x7b): undefined reference to `pthread_atfork'
collect2: error: ld returned 1 exit status
CMakeFiles/cmTC_f1f4a.dir/build.make:105: recipe for target 'cmTC_f1f4a' failed
make[1]: *** [cmTC_f1f4a] Error 1
make[1]: Leaving directory '/mnt/c/Users/ricas/Documents/IST/5ºano/1sem/Cripto/Project/CSC/CMakeFiles/CMakeTmp'
Makefile:140: recipe for target 'cmTC_f1f4a/fast' failed
make: *** [cmTC_f1f4a/fast] Error 2


Source file was:
#include <pthread.h>

static void* test_func(void* data)
{
  return data;
}

int main(void)
{
  pthread_t thread;
  pthread_create(&thread, NULL, test_func, NULL);
  pthread_detach(thread);
  pthread_cancel(thread);
  pthread_join(thread, NULL);
  pthread_atfork(NULL, NULL, NULL);
  pthread_exit(NULL);

  return 0;
}

Performing C SOURCE FILE Test CMAKE_HAVE_LIBC_PTHREAD failed with the following output:
Change Dir: /mnt/c/Users/ricas/Documents/IST/5ºano/1sem/Cripto/Project/CSC/CMakeFiles/CMakeTmp

Run Build Command(s):/usr/bin/make cmTC_31a2c/fast && /usr/bin/make  -f CMakeFiles/cmTC_31a2c.dir/build.make CMakeFiles/cmTC_31a2c.dir/build
make[1]: Entering directory '/mnt/c/Users/ricas/Documents/IST/5ºano/1sem/Cripto/Project/CSC/CMakeFiles/CMakeTmp'
Building C object CMakeFiles/cmTC_31a2c.dir/src.c.o
/usr/bin/cc -DCMAKE_HAVE_LIBC_PTHREAD   -o CMakeFiles/cmTC_31a2c.dir/src.c.o -c /mnt/c/Users/ricas/Documents/IST/5ºano/1sem/Cripto/Project/CSC/CMakeFiles/CMakeTmp/src.c
Linking C executable cmTC_31a2c
/usr/bin/cmake -E cmake_link_script CMakeFiles/cmTC_31a2c.dir/link.txt --verbose=1
/usr/bin/cc CMakeFiles/cmTC_31a2c.dir/src.c.o -o cmTC_31a2c 
CMakeFiles/cmTC_31a2c.dir/src.c.o: In function `main':
src.c:(.text+0x3e): undefined reference to `pthread_create'
src.c:(.text+0x4a): undefined reference to `pthread_detach'
src.c:(.text+0x56): undefined reference to `pthread_cancel'
src.c:(.text+0x67): undefined reference to `pthread_join'
src.c:(.text+0x7b): undefined reference to `pthread_atfork'
collect2: error: ld returned 1 exit status
CMakeFiles/cmTC_31a2c.dir/build.make:105: recipe for target 'cmTC_31a2c' failed
make[1]: *** [cmTC_31a2c] Error 1
make[1]: Leaving directory '/mnt/c/Users/ricas/Documents/IST/5ºano/1sem/Cripto/Project/CSC/CMakeFiles/CMakeTmp'
Makefile:140: recipe for target 'cmTC_31a2c/fast' failed
make: *** [cmTC_31a2c/fast] Error 2


Source file was:
#include <pthread.h>

static void* test_func(void* data)
{
  return data;
}

int main(void)
{
  pthread_t thread;
  pthread_create(&thread, NULL, test_func, NULL);
  pthread_detach(thread);
  pthread_cancel(thread);
  pthread_join(thread, NULL);
  pthread_atfork(NULL, NULL, NULL);
  pthread_exit(NULL);

  return 0;
}

Performing C SOURCE FILE Test CMAKE_HAVE_LIBC_PTHREAD failed with the following output:
Change Dir: /mnt/c/Users/ricas/Documents/IST/5ºano/1sem/Cripto/Project/Git/Cripto_Project/CSC/CMakeFiles/CMakeTmp

Run Build Command(s):/usr/bin/make cmTC_815b1/fast && /usr/bin/make  -f CMakeFiles/cmTC_815b1.dir/build.make CMakeFiles/cmTC_815b1.dir/build
make[1]: Entering directory '/mnt/c/Users/ricas/Documents/IST/5ºano/1sem/Cripto/Project/Git/Cripto_Project/CSC/CMakeFiles/CMakeTmp'
Building C object CMakeFiles/cmTC_815b1.dir/src.c.o
/usr/bin/cc -DCMAKE_HAVE_LIBC_PTHREAD   -o CMakeFiles/cmTC_815b1.dir/src.c.o -c /mnt/c/Users/ricas/Documents/IST/5ºano/1sem/Cripto/Project/Git/Cripto_Project/CSC/CMakeFiles/CMakeTmp/src.c
Linking C executable cmTC_815b1
/usr/bin/cmake -E cmake_link_script CMakeFiles/cmTC_815b1.dir/link.txt --verbose=1
/usr/bin/cc CMakeFiles/cmTC_815b1.dir/src.c.o -o cmTC_815b1 
CMakeFiles/cmTC_815b1.dir/src.c.o: In function `main':
src.c:(.text+0x3e): undefined reference to `pthread_create'
src.c:(.text+0x4a): undefined reference to `pthread_detach'
src.c:(.text+0x56): undefined reference to `pthread_cancel'
src.c:(.text+0x67): undefined reference to `pthread_join'
src.c:(.text+0x7b): undefined reference to `pthread_atfork'
collect2: error: ld returned 1 exit status
CMakeFiles/cmTC_815b1.dir/build.make:105: recipe for target 'cmTC_815b1' failed
make[1]: *** [cmTC_815b1] Error 1
make[1]: Leaving directory '/mnt/c/Users/ricas/Documents/IST/5ºano/1sem/Cripto/Project/Git/Cripto_Project/CSC/CMakeFiles/CMakeTmp'
Makefile:140: recipe for target 'cmTC_815b1/fast' failed
make: *** [cmTC_815b1/fast] Error 2


Source file was:
#include <pthread.h>

static void* test_func(void* data)
{
  return data;
}

int main(void)
{
  pthread_t thread;
  pthread_create(&thread, NULL, test_func, NULL);
  pthread_detach(thread);
  pthread_cancel(thread);
  pthread_join(thread, NULL);
  pthread_atfork(NULL, NULL, NULL);
  pthread_exit(NULL);

  return 0;
}

Performing C SOURCE FILE Test CMAKE_HAVE_LIBC_PTHREAD failed with the following output:
Change Dir: /mnt/c/Users/ricas/Documents/IST/5ºano/1sem/Cripto/Project/Git/Cripto_Project/CSC/CMakeFiles/CMakeTmp

Run Build Command(s):/usr/bin/make cmTC_df702/fast && /usr/bin/make  -f CMakeFiles/cmTC_df702.dir/build.make CMakeFiles/cmTC_df702.dir/build
make[1]: Entering directory '/mnt/c/Users/ricas/Documents/IST/5ºano/1sem/Cripto/Project/Git/Cripto_Project/CSC/CMakeFiles/CMakeTmp'
Building C object CMakeFiles/cmTC_df702.dir/src.c.o
/usr/bin/cc -DCMAKE_HAVE_LIBC_PTHREAD   -o CMakeFiles/cmTC_df702.dir/src.c.o -c /mnt/c/Users/ricas/Documents/IST/5ºano/1sem/Cripto/Project/Git/Cripto_Project/CSC/CMakeFiles/CMakeTmp/src.c
Linking C executable cmTC_df702
/usr/bin/cmake -E cmake_link_script CMakeFiles/cmTC_df702.dir/link.txt --verbose=1
/usr/bin/cc CMakeFiles/cmTC_df702.dir/src.c.o -o cmTC_df702 
CMakeFiles/cmTC_df702.dir/src.c.o: In function `main':
src.c:(.text+0x3e): undefined reference to `pthread_create'
src.c:(.text+0x4a): undefined reference to `pthread_detach'
src.c:(.text+0x56): undefined reference to `pthread_cancel'
src.c:(.text+0x67): undefined reference to `pthread_join'
src.c:(.text+0x7b): undefined reference to `pthread_atfork'
collect2: error: ld returned 1 exit status
CMakeFiles/cmTC_df702.dir/build.make:105: recipe for target 'cmTC_df702' failed
make[1]: *** [cmTC_df702] Error 1
make[1]: Leaving directory '/mnt/c/Users/ricas/Documents/IST/5ºano/1sem/Cripto/Project/Git/Cripto_Project/CSC/CMakeFiles/CMakeTmp'
Makefile:140: recipe for target 'cmTC_df702/fast' failed
make: *** [cmTC_df702/fast] Error 2


Source file was:
#include <pthread.h>

static void* test_func(void* data)
{
  return data;
}

int main(void)
{
  pthread_t thread;
  pthread_create(&thread, NULL, test_func, NULL);
  pthread_detach(thread);
  pthread_cancel(thread);
  pthread_join(thread, NULL);
  pthread_atfork(NULL, NULL, NULL);
  pthread_exit(NULL);

  return 0;
}

